[    0.000000] Linux version 4.15.0-121-generic (buildd@lgw01-amd64-034) (gcc version 7.5.0 (Ubuntu 7.5.0-3ubuntu1~18.04)) #123-Ubuntu SMP Mon Oct 5 16:16:40 UTC 2020 (Ubuntu 4.15.0-121.123-generic 4.15.18)
[    0.000000] Command line: BOOT_IMAGE=/boot/vmlinuz-4.15.0-121-generic root=UUID=a7cc7f74-b099-45a4-9eb5-9d006fce0a97 ro console=tty1 console=ttyS0
[    0.000000] KERNEL supported cpus:
[    0.000000]   Intel GenuineIntel
[    0.000000]   AMD AuthenticAMD
[    0.000000]   Centaur CentaurHauls
[    0.000000] x86/fpu: Supporting XSAVE feature 0x001: 'x87 floating point registers'
[    0.000000] x86/fpu: Supporting XSAVE feature 0x002: 'SSE registers'
[    0.000000] x86/fpu: Supporting XSAVE feature 0x004: 'AVX registers'
[    0.000000] x86/fpu: xstate_offset[2]:  576, xstate_sizes[2]:  256
[    0.000000] x86/fpu: Enabled xstate features 0x7, context size is 832 bytes, using 'standard' format.
[    0.000000] e820: BIOS-provided physical RAM map:
[    0.000000] BIOS-e820: [mem 0x0000000000000000-0x000000000009fbff] usable
[    0.000000] BIOS-e820: [mem 0x000000000009fc00-0x000000000009ffff] reserved
[    0.000000] BIOS-e820: [mem 0x00000000000f0000-0x00000000000fffff] reserved
[    0.000000] BIOS-e820: [mem 0x0000000000100000-0x00000000dffeffff] usable
[    0.000000] BIOS-e820: [mem 0x00000000dfff0000-0x00000000dfffffff] ACPI data
[    0.000000] BIOS-e820: [mem 0x00000000fec00000-0x00000000fec00fff] reserved
[    0.000000] BIOS-e820: [mem 0x00000000fee00000-0x00000000fee00fff] reserved
[    0.000000] BIOS-e820: [mem 0x00000000fffc0000-0x00000000ffffffff] reserved
[    0.000000] BIOS-e820: [mem 0x0000000100000000-0x000000021fffffff] usable
[    0.000000] NX (Execute Disable) protection: active
[    0.000000] SMBIOS 2.5 present.
[    0.000000] DMI: innotek GmbH VirtualBox/VirtualBox, BIOS VirtualBox 12/01/2006
[    0.000000] Hypervisor detected: KVM
[    0.000000] e820: last_pfn = 0x220000 max_arch_pfn = 0x400000000
[    0.000000] MTRR: Disabled
[    0.000000] x86/PAT: MTRRs disabled, skipping PAT initialization too.
[    0.000000] CPU MTRRs all blank - virtualized system.
[    0.000000] x86/PAT: Configuration [0-7]: WB  WT  UC- UC  WB  WT  UC- UC  
[    0.000000] e820: last_pfn = 0xdfff0 max_arch_pfn = 0x400000000
[    0.000000] found SMP MP-table at [mem 0x0009fff0-0x0009ffff]
[    0.000000] Scanning 1 areas for low memory corruption
[    0.000000] RAMDISK: [mem 0x358bd000-0x36c55fff]
[    0.000000] ACPI: Early table checksum verification disabled
[    0.000000] ACPI: RSDP 0x00000000000E0000 000024 (v02 VBOX  )
[    0.000000] ACPI: XSDT 0x00000000DFFF0030 00003C (v01 VBOX   VBOXXSDT 00000001 ASL  00000061)
[    0.000000] ACPI: FACP 0x00000000DFFF00F0 0000F4 (v04 VBOX   VBOXFACP 00000001 ASL  00000061)
[    0.000000] ACPI: DSDT 0x00000000DFFF0480 002325 (v02 VBOX   VBOXBIOS 00000002 INTL 20100528)
[    0.000000] ACPI: FACS 0x00000000DFFF0200 000040
[    0.000000] ACPI: FACS 0x00000000DFFF0200 000040
[    0.000000] ACPI: APIC 0x00000000DFFF0240 00006C (v02 VBOX   VBOXAPIC 00000001 ASL  00000061)
[    0.000000] ACPI: SSDT 0x00000000DFFF02B0 0001CC (v01 VBOX   VBOXCPUT 00000002 INTL 20100528)
[    0.000000] No NUMA configuration found
[    0.000000] Faking a node at [mem 0x0000000000000000-0x000000021fffffff]
[    0.000000] NODE_DATA(0) allocated [mem 0x21ffd1000-0x21fffbfff]
[    0.000000] kvm-clock: cpu 0, msr 2:1ff50001, primary cpu clock
[    0.000000] kvm-clock: Using msrs 4b564d01 and 4b564d00
[    0.000000] kvm-clock: using sched offset of 3563275238 cycles
[    0.000000] clocksource: kvm-clock: mask: 0xffffffffffffffff max_cycles: 0x1cd42e4dffb, max_idle_ns: 881590591483 ns
[    0.000000] Zone ranges:
[    0.000000]   DMA      [mem 0x0000000000001000-0x0000000000ffffff]
[    0.000000]   DMA32    [mem 0x0000000001000000-0x00000000ffffffff]
[    0.000000]   Normal   [mem 0x0000000100000000-0x000000021fffffff]
[    0.000000]   Device   empty
[    0.000000] Movable zone start for each node
[    0.000000] Early memory node ranges
[    0.000000]   node   0: [mem 0x0000000000001000-0x000000000009efff]
[    0.000000]   node   0: [mem 0x0000000000100000-0x00000000dffeffff]
[    0.000000]   node   0: [mem 0x0000000100000000-0x000000021fffffff]
[    0.000000] Reserved but unavailable: 98 pages
[    0.000000] Initmem setup node 0 [mem 0x0000000000001000-0x000000021fffffff]
[    0.000000] ACPI: PM-Timer IO Port: 0x4008
[    0.000000] IOAPIC[0]: apic_id 4, version 32, address 0xfec00000, GSI 0-23
[    0.000000] ACPI: INT_SRC_OVR (bus 0 bus_irq 0 global_irq 2 dfl dfl)
[    0.000000] ACPI: INT_SRC_OVR (bus 0 bus_irq 9 global_irq 9 low level)
[    0.000000] Using ACPI (MADT) for SMP configuration information
[    0.000000] smpboot: Allowing 4 CPUs, 0 hotplug CPUs
[    0.000000] PM: Registered nosave memory: [mem 0x00000000-0x00000fff]
[    0.000000] PM: Registered nosave memory: [mem 0x0009f000-0x0009ffff]
[    0.000000] PM: Registered nosave memory: [mem 0x000a0000-0x000effff]
[    0.000000] PM: Registered nosave memory: [mem 0x000f0000-0x000fffff]
[    0.000000] PM: Registered nosave memory: [mem 0xdfff0000-0xdfffffff]
[    0.000000] PM: Registered nosave memory: [mem 0xe0000000-0xfebfffff]
[    0.000000] PM: Registered nosave memory: [mem 0xfec00000-0xfec00fff]
[    0.000000] PM: Registered nosave memory: [mem 0xfec01000-0xfedfffff]
[    0.000000] PM: Registered nosave memory: [mem 0xfee00000-0xfee00fff]
[    0.000000] PM: Registered nosave memory: [mem 0xfee01000-0xfffbffff]
[    0.000000] PM: Registered nosave memory: [mem 0xfffc0000-0xffffffff]
[    0.000000] e820: [mem 0xe0000000-0xfebfffff] available for PCI devices
[    0.000000] Booting paravirtualized kernel on KVM
[    0.000000] clocksource: refined-jiffies: mask: 0xffffffff max_cycles: 0xffffffff, max_idle_ns: 7645519600211568 ns
[    0.000000] random: get_random_bytes called from start_kernel+0x99/0x500 with crng_init=0
[    0.000000] setup_percpu: NR_CPUS:8192 nr_cpumask_bits:4 nr_cpu_ids:4 nr_node_ids:1
[    0.000000] percpu: Embedded 45 pages/cpu s147456 r8192 d28672 u524288
[    0.000000] PV qspinlock hash table entries: 256 (order: 0, 4096 bytes)
[    0.000000] Built 1 zonelists, mobility grouping on.  Total pages: 2064249
[    0.000000] Policy zone: Normal
[    0.000000] Kernel command line: BOOT_IMAGE=/boot/vmlinuz-4.15.0-121-generic root=UUID=a7cc7f74-b099-45a4-9eb5-9d006fce0a97 ro console=tty1 console=ttyS0
[    0.000000] Memory: 8141196K/8388152K available (12300K kernel code, 2482K rwdata, 4272K rodata, 2436K init, 2724K bss, 246956K reserved, 0K cma-reserved)
[    0.000000] SLUB: HWalign=64, Order=0-3, MinObjects=0, CPUs=4, Nodes=1
[    0.000000] Kernel/User page tables isolation: enabled
[    0.000000] ftrace: allocating 39402 entries in 154 pages
[    0.004000] Hierarchical RCU implementation.
[    0.004000] 	RCU restricting CPUs from NR_CPUS=8192 to nr_cpu_ids=4.
[    0.004000] 	Tasks RCU enabled.
[    0.004000] RCU: Adjusting geometry for rcu_fanout_leaf=16, nr_cpu_ids=4
[    0.004000] NR_IRQS: 524544, nr_irqs: 456, preallocated irqs: 16
[    0.004000] Console: colour VGA+ 80x25
[    0.004000] console [tty1] enabled
[    0.004000] console [ttyS0] enabled
[    0.004000] ACPI: Core revision 20170831
[    0.004000] ACPI: 2 ACPI AML tables successfully acquired and loaded
[    0.004000] APIC: Switch to symmetric I/O mode setup
[    0.004000] x2apic enabled
[    0.004000] Switched APIC routing to physical x2apic.
[    0.004000] ..TIMER: vector=0x30 apic1=0 pin1=2 apic2=-1 pin2=-1
[    0.004000] tsc: Detected 2592.000 MHz processor
[    0.004004] Calibrating delay loop (skipped) preset value.. 5184.00 BogoMIPS (lpj=10368000)
[    0.005287] pid_max: default: 32768 minimum: 301
[    0.006026] Security Framework initialized
[    0.008001] Yama: becoming mindful.
[    0.008575] AppArmor: AppArmor initialized
[    0.012000] Dentry cache hash table entries: 1048576 (order: 11, 8388608 bytes)
[    0.013624] Inode-cache hash table entries: 524288 (order: 10, 4194304 bytes)
[    0.016016] Mount-cache hash table entries: 16384 (order: 5, 131072 bytes)
[    0.017058] Mountpoint-cache hash table entries: 16384 (order: 5, 131072 bytes)
[    0.018382] Last level iTLB entries: 4KB 64, 2MB 8, 4MB 8
[    0.020001] Last level dTLB entries: 4KB 64, 2MB 0, 4MB 0, 1GB 4
[    0.020965] Spectre V1 : Mitigation: usercopy/swapgs barriers and __user pointer sanitization
[    0.022352] Spectre V2 : Mitigation: Full generic retpoline
[    0.023199] Spectre V2 : Spectre v2 / SpectreRSB mitigation: Filling RSB on context switch
[    0.024001] Speculative Store Bypass: Vulnerable
[    0.024741] SRBDS: Unknown: Dependent on hypervisor status
[    0.025580] MDS: Mitigation: Clear CPU buffers
[    0.026391] Freeing SMP alternatives memory: 36K
[    0.136372] smpboot: CPU0: Intel(R) Core(TM) i7-9750H CPU @ 2.60GHz (family: 0x6, model: 0x9e, stepping: 0xa)
[    0.138652] Performance Events: unsupported p6 CPU model 158 no PMU driver, software events only.
[    0.140022] Hierarchical SRCU implementation.
[    0.142041] NMI watchdog: Perf event create on CPU 0 failed with -2
[    0.143008] NMI watchdog: Perf NMI watchdog permanently disabled
[    0.144032] smp: Bringing up secondary CPUs ...
[    0.144782] x86: Booting SMP configuration:
[    0.145499] .... node  #0, CPUs:      #1
[    0.004000] kvm-clock: cpu 1, msr 2:1ff50041, secondary cpu clock
[    0.148052]  #2
[    0.004000] kvm-clock: cpu 2, msr 2:1ff50081, secondary cpu clock
[    0.152051]  #3
[    0.004000] kvm-clock: cpu 3, msr 2:1ff500c1, secondary cpu clock
[    0.156009] smp: Brought up 1 node, 4 CPUs
[    0.156648] smpboot: Max logical packages: 1
[    0.157718] smpboot: Total of 4 processors activated (20736.00 BogoMIPS)
[    0.160005] devtmpfs: initialized
[    0.160623] x86/mm: Memory block size: 128MB
[    0.161782] evm: security.selinux
[    0.162778] evm: security.SMACK64
[    0.163326] evm: security.SMACK64EXEC
[    0.163914] evm: security.SMACK64TRANSMUTE
[    0.164001] evm: security.SMACK64MMAP
[    0.164788] evm: security.apparmor
[    0.165505] evm: security.ima
[    0.165997] evm: security.capability
[    0.168029] clocksource: jiffies: mask: 0xffffffff max_cycles: 0xffffffff, max_idle_ns: 7645041785100000 ns
[    0.169874] futex hash table entries: 1024 (order: 4, 65536 bytes)
[    0.170889] pinctrl core: initialized pinctrl subsystem
[    0.171772] RTC time: 21:08:33, date: 06/15/22
[    0.172190] NET: Registered protocol family 16
[    0.172967] audit: initializing netlink subsys (disabled)
[    0.173823] audit: type=2000 audit(1655327319.501:1): state=initialized audit_enabled=0 res=1
[    0.176004] cpuidle: using governor ladder
[    0.176698] cpuidle: using governor menu
[    0.177406] ACPI: bus type PCI registered
[    0.178091] acpiphp: ACPI Hot Plug PCI Controller Driver version: 0.5
[    0.180071] PCI: Using configuration type 1 for base access
[    0.180983] HugeTLB registered 2.00 MiB page size, pre-allocated 0 pages
[    0.181049] ACPI: Added _OSI(Module Device)
[    0.184002] ACPI: Added _OSI(Processor Device)
[    0.184708] ACPI: Added _OSI(3.0 _SCP Extensions)
[    0.185508] ACPI: Added _OSI(Processor Aggregator Device)
[    0.186404] ACPI: Added _OSI(Linux-Dell-Video)
[    0.187104] ACPI: Added _OSI(Linux-Lenovo-NV-HDMI-Audio)
[    0.187924] ACPI: Added _OSI(Linux-HPI-Hybrid-Graphics)
[    0.188297] ACPI: Executed 1 blocks of module-level executable AML code
[    0.192297] ACPI: Interpreter enabled
[    0.192907] ACPI: (supports S0 S5)
[    0.193496] ACPI: Using IOAPIC for interrupt routing
[    0.194500] PCI: Using host bridge windows from ACPI; if necessary, use "pci=nocrs" and report a bug
[    0.196000] ACPI: Enabled 2 GPEs in block 00 to 07
[    0.201783] ACPI: PCI Root Bridge [PCI0] (domain 0000 [bus 00-ff])
[    0.202988] acpi PNP0A03:00: _OSC: OS supports [ASPM ClockPM Segments MSI]
[    0.204036] acpi PNP0A03:00: _OSC: not requesting OS control; OS requires [ExtendedConfig ASPM ClockPM MSI]
[    0.205582] acpi PNP0A03:00: fail to add MMCONFIG information, can't access extended PCI configuration space under this bridge.
[    0.208371] PCI host bridge to bus 0000:00
[    0.209045] pci_bus 0000:00: root bus resource [io  0x0000-0x0cf7 window]
[    0.210109] pci_bus 0000:00: root bus resource [io  0x0d00-0xffff window]
[    0.211142] pci_bus 0000:00: root bus resource [mem 0x000a0000-0x000bffff window]
[    0.212002] pci_bus 0000:00: root bus resource [mem 0xe0000000-0xfdffffff window]
[    0.213277] pci_bus 0000:00: root bus resource [bus 00-ff]
[    0.216951] pci 0000:00:01.1: legacy IDE quirk: reg 0x10: [io  0x01f0-0x01f7]
[    0.218866] pci 0000:00:01.1: legacy IDE quirk: reg 0x14: [io  0x03f6]
[    0.219882] pci 0000:00:01.1: legacy IDE quirk: reg 0x18: [io  0x0170-0x0177]
[    0.220001] pci 0000:00:01.1: legacy IDE quirk: reg 0x1c: [io  0x0376]
[    0.272867] pci 0000:00:07.0: quirk: [io  0x4000-0x403f] claimed by PIIX4 ACPI
[    0.274418] pci 0000:00:07.0: quirk: [io  0x4100-0x410f] claimed by PIIX4 SMB
[    0.309624] ACPI: PCI Interrupt Link [LNKA] (IRQs 5 9 10 *11)
[    0.310837] ACPI: PCI Interrupt Link [LNKB] (IRQs 5 9 *10 11)
[    0.311852] ACPI: PCI Interrupt Link [LNKC] (IRQs 5 *9 10 11)
[    0.312100] ACPI: PCI Interrupt Link [LNKD] (IRQs 5 9 10 *11)
[    0.313390] SCSI subsystem initialized
[    0.314038] pci 0000:00:02.0: vgaarb: setting as boot VGA device
[    0.314038] pci 0000:00:02.0: vgaarb: VGA device added: decodes=io+mem,owns=io+mem,locks=none
[    0.316005] pci 0000:00:02.0: vgaarb: bridge control possible
[    0.316966] vgaarb: loaded
[    0.317807] ACPI: bus type USB registered
[    0.318650] usbcore: registered new interface driver usbfs
[    0.320012] usbcore: registered new interface driver hub
[    0.320898] usbcore: registered new device driver usb
[    0.321787] EDAC MC: Ver: 3.0.0
[    0.321787] PCI: Using ACPI for IRQ routing
[    0.324076] NetLabel: Initializing
[    0.324653] NetLabel:  domain hash size = 128
[    0.325369] NetLabel:  protocols = UNLABELED CIPSOv4 CALIPSO
[    0.326297] NetLabel:  unlabeled traffic allowed by default
[    0.327255] clocksource: Switched to clocksource kvm-clock
[    0.333565] VFS: Disk quotas dquot_6.6.0
[    0.334251] VFS: Dquot-cache hash table entries: 512 (order 0, 4096 bytes)
[    0.335481] AppArmor: AppArmor Filesystem Enabled
[    0.336489] pnp: PnP ACPI init
[    0.338023] pnp: PnP ACPI: found 3 devices
[    0.347216] clocksource: acpi_pm: mask: 0xffffff max_cycles: 0xffffff, max_idle_ns: 2085701024 ns
[    0.348654] NET: Registered protocol family 2
[    0.349467] TCP established hash table entries: 65536 (order: 7, 524288 bytes)
[    0.351454] TCP bind hash table entries: 65536 (order: 8, 1048576 bytes)
[    0.352575] TCP: Hash tables configured (established 65536 bind 65536)
[    0.353646] UDP hash table entries: 4096 (order: 5, 131072 bytes)
[    0.354619] UDP-Lite hash table entries: 4096 (order: 5, 131072 bytes)
[    0.355742] NET: Registered protocol family 1
[    0.356465] pci 0000:00:00.0: Limiting direct PCI/PCI transfers
[    0.357398] pci 0000:00:01.0: Activating ISA DMA hang workarounds
[    0.358388] pci 0000:00:02.0: Video device with shadowed ROM at [mem 0x000c0000-0x000dffff]
[    0.359783] Unpacking initramfs...
[    0.583424] Freeing initrd memory: 20068K
[    0.584553] PCI-DMA: Using software bounce buffering for IO (SWIOTLB)
[    0.586160] software IO TLB: mapped [mem 0xdbff0000-0xdfff0000] (64MB)
[    0.587754] clocksource: tsc: mask: 0xffffffffffffffff max_cycles: 0x255cb6cc5db, max_idle_ns: 440795203504 ns
[    0.589376] platform rtc_cmos: registered platform RTC device (no PNP device found)
[    0.590593] Scanning for low memory corruption every 60 seconds
[    0.592023] Initialise system trusted keyrings
[    0.592788] Key type blacklist registered
[    0.593497] workingset: timestamp_bits=36 max_order=21 bucket_order=0
[    0.595166] zbud: loaded
[    0.595990] squashfs: version 4.0 (2009/01/31) Phillip Lougher
[    0.597246] fuse init (API version 7.26)
[    0.599393] Key type asymmetric registered
[    0.600061] Asymmetric key parser 'x509' registered
[    0.600905] Block layer SCSI generic (bsg) driver version 0.4 loaded (major 246)
[    0.602152] io scheduler noop registered
[    0.602796] io scheduler deadline registered
[    0.603502] io scheduler cfq registered (default)
[    0.604709] ACPI: AC Adapter [AC] (on-line)
[    0.605460] input: Power Button as /devices/LNXSYSTM:00/LNXPWRBN:00/input/input0
[    0.606679] ACPI: Power Button [PWRF]
[    0.607341] input: Sleep Button as /devices/LNXSYSTM:00/LNXSLPBN:00/input/input1
[    0.608788] ACPI: Sleep Button [SLPF]
[    0.610422] ACPI: Battery Slot [BAT0] (battery present)
[    0.611550] Serial: 8250/16550 driver, 32 ports, IRQ sharing enabled
[    0.634330] 00:02: ttyS0 at I/O 0x3f8 (irq = 4, base_baud = 115200) is a 16550A
[    0.638155] Linux agpgart interface v0.103
[    0.640087] loop: module loaded
[    0.640984] scsi host0: ata_piix
[    0.641604] scsi host1: ata_piix
[    0.642153] ata1: PATA max UDMA/33 cmd 0x1f0 ctl 0x3f6 bmdma 0xd000 irq 14
[    0.643279] ata2: PATA max UDMA/33 cmd 0x170 ctl 0x376 bmdma 0xd008 irq 15
[    0.644452] libphy: Fixed MDIO Bus: probed
[    0.645130] tun: Universal TUN/TAP device driver, 1.6
[    0.645993] PPP generic driver version 2.4.2
[    0.646888] ehci_hcd: USB 2.0 'Enhanced' Host Controller (EHCI) Driver
[    0.647892] ehci-pci: EHCI PCI platform driver
[    0.648659] ehci-platform: EHCI generic platform driver
[    0.649486] ohci_hcd: USB 1.1 'Open' Host Controller (OHCI) Driver
[    0.650438] ohci-pci: OHCI PCI platform driver
[    0.651146] ohci-platform: OHCI generic platform driver
[    0.651966] uhci_hcd: USB Universal Host Controller Interface driver
[    0.653049] i8042: PNP: PS/2 Controller [PNP0303:PS2K,PNP0f03:PS2M] at 0x60,0x64 irq 1,12
[    0.654672] serio: i8042 KBD port at 0x60,0x64 irq 1
[    0.655505] serio: i8042 AUX port at 0x60,0x64 irq 12
[    0.656542] mousedev: PS/2 mouse device common for all mice
[    0.657971] input: AT Translated Set 2 keyboard as /devices/platform/i8042/serio0/input/input2
[    0.659333] rtc_cmos rtc_cmos: rtc core: registered rtc_cmos as rtc0
[    0.660522] rtc_cmos rtc_cmos: alarms up to one day, 114 bytes nvram
[    0.661517] i2c /dev entries driver
[    0.662161] device-mapper: uevent: version 1.0.3
[    0.662999] device-mapper: ioctl: 4.37.0-ioctl (2017-09-20) initialised: dm-devel@redhat.com
[    0.664537] ledtrig-cpu: registered to indicate activity on CPUs
[    0.665843] NET: Registered protocol family 10
[    0.669893] Segment Routing with IPv6
[    0.670606] NET: Registered protocol family 17
[    0.671365] Key type dns_resolver registered
[    0.672428] mce: Using 0 MCE banks
[    0.673038] RAS: Correctable Errors collector initialized.
[    0.673896] sched_clock: Marking stable (672410788, 0)->(909955638, -237544850)
[    0.676074] registered taskstats version 1
[    0.676747] Loading compiled-in X.509 certificates
[    0.679006] Loaded X.509 cert 'Build time autogenerated kernel key: 517b2180bafe62ad6f81db3336688475b28504c0'
[    0.680596] zswap: loaded using pool lzo/zbud
[    0.683757] Key type big_key registered
[    0.684733] Key type trusted registered
[    0.686579] Key type encrypted registered
[    0.687220] AppArmor: AppArmor sha1 policy hashing enabled
[    0.688071] ima: No TPM chip found, activating TPM-bypass! (rc=-19)
[    0.689135] ima: Allocated hash algorithm: sha1
[    0.689856] evm: HMAC attrs: 0x1
[    0.690644]   Magic number: 10:420:146
[    0.691384] rtc_cmos rtc_cmos: setting system clock to 2022-06-15 21:08:34 UTC (1655327314)
[    0.692874] BIOS EDD facility v0.16 2004-Jun-25, 0 devices found
[    0.693818] EDD information not available.
[    0.848664] Freeing unused kernel image memory: 2436K
[    1.116736] Write protecting the kernel read-only data: 20480k
[    1.118730] Freeing unused kernel image memory: 2008K
[    1.119855] Freeing unused kernel image memory: 1872K
[    1.125923] x86/mm: Checked W+X mappings: passed, no W+X pages found.
[    1.126928] x86/mm: Checking user space page tables
[    1.132692] x86/mm: Checked W+X mappings: passed, no W+X pages found.
Loading, please wait...
starting version 237
[    1.177768] e1000: Intel(R) PRO/1000 Network Driver - version 7.3.21-k8-NAPI
[    1.179464] e1000: Copyright (c) 1999-2006 Intel Corporation.
[    1.181015] Fusion MPT base driver 3.04.20
[    1.181733] Copyright (c) 1999-2008 LSI Corporation
[    1.185977] Fusion MPT SPI Host driver 3.04.20
[    1.194763] AVX2 version of gcm_enc/dec engaged.
[    1.195591] AES CTR mode by8 optimization enabled
[    1.417696] input: ImExPS/2 Generic Explorer Mouse as /devices/platform/i8042/serio1/input/input4
[    2.127900] e1000 0000:00:03.0 eth0: (PCI:33MHz:32-bit) 02:c6:b0:25:69:cb
[    2.129390] e1000 0000:00:03.0 eth0: Intel(R) PRO/1000 Network Connection
[    2.834202] e1000 0000:00:08.0 eth1: (PCI:33MHz:32-bit) 08:00:27:e2:60:0b
[    2.835351] e1000 0000:00:08.0 eth1: Intel(R) PRO/1000 Network Connection
[    2.837773] e1000 0000:00:03.0 enp0s3: renamed from eth0
[    2.838915] mptbase: ioc0: Initiating bringup
[    2.857149] e1000 0000:00:08.0 enp0s8: renamed from eth1
[    3.184792] ioc0: LSI53C1030 A0: Capabilities={Initiator}
[    5.192658] scsi host2: ioc0: LSI53C1030 A0, FwRev=00000000h, Ports=1, MaxQ=256, IRQ=20
[    7.104399] scsi 2:0:0:0: Direct-Access     VBOX     HARDDISK         1.0  PQ: 0 ANSI: 5
[    7.136403] scsi target2:0:0: Beginning Domain Validation
[    7.139482] scsi target2:0:0: Domain Validation skipping write tests
[    7.140651] scsi target2:0:0: Ending Domain Validation
[    7.141678] scsi target2:0:0: asynchronous
[    7.142956] scsi 2:0:1:0: Direct-Access     VBOX     HARDDISK         1.0  PQ: 0 ANSI: 5
[    7.176306] scsi target2:0:1: Beginning Domain Validation
[    7.179037] random: fast init done
[    7.180455] scsi target2:0:1: Domain Validation skipping write tests
[    7.181612] scsi target2:0:1: Ending Domain Validation
[    7.182625] scsi target2:0:1: asynchronous
[    7.185937] random: systemd-udevd: uninitialized urandom read (16 bytes read)
[    7.187101] random: systemd-udevd: uninitialized urandom read (16 bytes read)
[    7.188175] random: systemd-udevd: uninitialized urandom read (16 bytes read)
[    7.189674] sd 2:0:0:0: Attached scsi generic sg0 type 0
[    7.189931] sd 2:0:0:0: [sda] 209715200 512-byte logical blocks: (107 GB/100 GiB)
[    7.191341] sd 2:0:1:0: Attached scsi generic sg1 type 0
[    7.192966] sd 2:0:0:0: [sda] Write Protect is off
[    7.193986] sd 2:0:1:0: [sdb] 20480 512-byte logical blocks: (10.5 MB/10.0 MiB)
[    7.196855] sd 2:0:1:0: [sdb] Write Protect is off
[    7.197073] sd 2:0:0:0: [sda] Incomplete mode parameter data
[    7.198850] sd 2:0:0:0: [sda] Assuming drive cache: write through
[    7.199174] sd 2:0:1:0: [sdb] Incomplete mode parameter data
[    7.201005] sd 2:0:1:0: [sdb] Assuming drive cache: write through
[    7.203877]  sda: sda1
[    7.205011] sd 2:0:0:0: [sda] Attached SCSI disk
[    7.205133] sd 2:0:1:0: [sdb] Attached SCSI disk
Begin: Loading essential drivers ... [    8.560394] raid6: sse2x1   gen() 13863 MB/s
[    8.608173] raid6: sse2x1   xor() 10192 MB/s
[    8.656224] raid6: sse2x2   gen() 17354 MB/s
[    8.704182] raid6: sse2x2   xor() 11599 MB/s
[    8.752118] raid6: sse2x4   gen() 19492 MB/s
[    8.800189] raid6: sse2x4   xor() 12070 MB/s
[    8.848129] raid6: avx2x1   gen() 26218 MB/s
[    8.896242] raid6: avx2x1   xor() 19395 MB/s
[    8.944699] raid6: avx2x2   gen() 33557 MB/s
[    8.992224] raid6: avx2x2   xor() 21025 MB/s
[    9.040237] raid6: avx2x4   gen() 39173 MB/s
[    9.088610] raid6: avx2x4   xor() 23422 MB/s
[    9.089663] raid6: using algorithm avx2x4 gen() 39173 MB/s
[    9.091154] raid6: .... xor() 23422 MB/s, rmw enabled
[    9.092327] raid6: using avx2x2 recovery algorithm
[    9.093893] xor: automatically using best checksumming function   avx       
[    9.095744] async_tx: api initialized (async)
done.
Begin: Running /scripts/init-premount ... done.
Begin: Mounting root file system ... Begin: Running /scripts/local-top ... done.
Begin: Running /scripts/local-premount ... [    9.126938] Btrfs loaded, crc32c=crc32c-intel
Scanning for Btrfs filesystems
done.
Begin: Will now check root file system ... fsck from util-linux 2.31.1
[/sbin/fsck.ext4 (1) -- /dev/sda1] fsck.ext4 -a -C0 /dev/sda1 
cloudimg-rootfs: recovering journal
cloudimg-rootfs: Clearing orphaned inode 7757 (uid=0, gid=0, mode=0100644, size=1683056)
cloudimg-rootfs: Clearing orphaned inode 6194 (uid=0, gid=0, mode=0100644, size=342072)
cloudimg-rootfs: Clearing orphaned inode 6193 (uid=0, gid=0, mode=0100644, size=14232)
cloudimg-rootfs: Clearing orphaned inode 6192 (uid=0, gid=0, mode=0100644, size=1137968)
cloudimg-rootfs: Clearing orphaned inode 6191 (uid=0, gid=0, mode=0100644, size=1690808)
cloudimg-rootfs: Clearing orphaned inode 2144 (uid=0, gid=0, mode=0100644, size=464824)
cloudimg-rootfs: Clearing orphaned inode 8264 (uid=0, gid=0, mode=0100644, size=346784)
cloudimg-rootfs: Clearing orphaned inode 4309 (uid=0, gid=0, mode=0100755, size=4526456)
cloudimg-rootfs: Clearing orphaned inode 2189 (uid=0, gid=0, mode=0100644, size=309456)
cloudimg-rootfs: Clearing orphaned inode 5031 (uid=0, gid=0, mode=0100644, size=1822008)
cloudimg-rootfs: Clearing orphaned inode 5032 (uid=0, gid=0, mode=0100644, size=501680)
cloudimg-rootfs: Clearing orphaned inode 4760 (uid=0, gid=0, mode=0100644, size=112672)
cloudimg-rootfs: Clearing orphaned inode 7769 (uid=0, gid=0, mode=0100644, size=3360)
cloudimg-rootfs: Clearing orphaned inode 7768 (uid=0, gid=0, mode=0100644, size=47)
cloudimg-rootfs: Clearing orphaned inode 7767 (uid=0, gid=0, mode=0100644, size=34)
cloudimg-rootfs: Clearing orphaned inode 7766 (uid=0, gid=0, mode=0100644, size=50)
cloudimg-rootfs: Clearing orphaned inode 7765 (uid=0, gid=0, mode=0100644,[    9.259581] EXT4-fs (sda1): mounted filesystem with ordered data mode. Opts: (null)
 size=62)
cloudimg-rootfs: Clearing orphaned inode 7764 (uid=0, gid=0, mode=0100644, size=270)
cloudimg-rootfs: Clearing orphaned inode 7771 (uid=0, gid=0, mode=0100644, size=48)
cloudimg-rootfs: Clearing orphaned inode 7763 (uid=0, gid=0, mode=0100644, size=23)
cloudimg-rootfs: Clearing orphaned inode 7762 (uid=0, gid=0, mode=0100644, size=252)
cloudimg-rootfs: Clearing orphaned inode 7761 (uid=0, gid=0, mode=0100644, size=199772)
cloudimg-rootfs: Clearing orphaned inode 7760 (uid=0, gid=0, mode=0100644, size=1516558)
cloudimg-rootfs: Clearing orphaned inode 7759 (uid=0, gid=0, mode=0100644, size=131)
cloudimg-rootfs: Clearing orphaned inode 2165 (uid=0, gid=0, mode=0100644, size=116960)
cloudimg-rootfs: Clearing orphaned inode 2090 (uid=0, gid=0, mode=0100644, size=153984)
cloudimg-rootfs: Clearing orphaned inode 2176 (uid=0, gid=0, mode=0100644, size=310040)
cloudimg-rootfs: Clearing orphaned inode 2177 (uid=0, gid=0, mode=0100644, size=1159864)
cloudimg-rootfs: Clearing orphaned inode 2174 (uid=0, gid=0, mode=0100644, size=202880)
cloudimg-rootfs: Clearing orphaned inode 2170 (uid=0, gid=0, mode=0100644, size=313496)
cloudimg-rootfs: Clearing orphaned inode 4111 (uid=0, gid=0, mode=0100755, size=236584)
cloudimg-rootfs: Clearing orphaned inode 2056 (uid=0, gid=0, mode=0100644, size=536648)
cloudimg-rootfs: Clearing orphaned inode 2001 (uid=0, gid=0, mode=0100755, size=219272)
cloudimg-rootfs: Clearing orphaned inode 1983 (uid=0, gid=0, mode=0100644, size=2367728)
cloudimg-rootfs: Clearing orphaned inode 2183 (uid=0, gid=0, mode=0100644, size=121016)
cloudimg-rootfs: Clearing orphaned inode 2149 (uid=0, gid=0, mode=0100644, size=253944)
cloudimg-rootfs: Clearing orphaned inode 2083 (uid=0, gid=0, mode=0100644, size=55848)
cloudimg-rootfs: Clearing orphaned inode 2163 (uid=0, gid=0, mode=0100644, size=124848)
cloudimg-rootfs: Clearing orphaned inode 5012 (uid=0, gid=0, mode=0100644, size=26376)
cloudimg-rootfs: Clearing orphaned inode 2222 (uid=0, gid=0, mode=0100644, size=10592)
cloudimg-rootfs: Clearing orphaned inode 2220 (uid=0, gid=0, mode=0100644, size=31680)
cloudimg-rootfs: Clearing orphaned inode 2219 (uid=0, gid=0, mode=0100644, size=101168)
cloudimg-rootfs: Clearing orphaned inode 2218 (uid=0, gid=0, mode=0100755, size=144976)
cloudimg-rootfs: Clearing orphaned inode 2215 (uid=0, gid=0, mode=0100644, size=47576)
cloudimg-rootfs: Clearing orphaned inode 2193 (uid=0, gid=0, mode=0100644, size=47568)
cloudimg-rootfs: Clearing orphaned inode 2169 (uid=0, gid=0, mode=0100644, size=39744)
cloudimg-rootfs: Clearing orphaned inode 2168 (uid=0, gid=0, mode=0100644, size=97176)
cloudimg-rootfs: Clearing orphaned inode 2151 (uid=0, gid=0, mode=0100644, size=1700792)
cloudimg-rootfs: Clearing orphaned inode 2077 (uid=0, gid=0, mode=0100644, size=14560)
cloudimg-rootfs: Clearing orphaned inode 2074 (uid=0, gid=0, mode=0100644, size=39208)
cloudimg-rootfs: Clearing orphaned inode 2072 (uid=0, gid=0, mode=0100755, size=2030544)
cloudimg-rootfs: Clearing orphaned inode 2068 (uid=0, gid=0, mode=0100755, size=170960)
cloudimg-rootfs: clean, 84142/12800000 files, 2257440/26214139 blocks
done.
done.
Begin: Running /scripts/local-bottom ... done.
Begin: Running /scripts/init-bottom ... done.
[    9.432736] ip_tables: (C) 2000-2006 Netfilter Core Team
[    9.439146] systemd[1]: systemd 237 running in system mode. (+PAM +AUDIT +SELINUX +IMA +APPARMOR +SMACK +SYSVINIT +UTMP +LIBCRYPTSETUP +GCRYPT +GNUTLS +ACL +XZ +LZ4 +SECCOMP +BLKID +ELFUTILS +KMOD -IDN2 +IDN -PCRE2 default-hierarchy=hybrid)
[    9.442407] systemd[1]: Detected virtualization oracle.
[    9.443224] systemd[1]: Detected architecture x86-64.

Welcome to [1mUbuntu 18.04.6 LTS[0m!

[    9.453939] systemd[1]: Set hostname to <testing>.
[   10.025627] systemd[1]: /etc/systemd/system/k3s-server.service:11: Failed to parse service type, ignoring: exec
[   10.049715] systemd[1]: Set up automount Arbitrary Executable File Formats File System Automount Point.
[[0;32m  OK  [0m] Set up automount Arbitrary Executab…rmats File System Automount Point.
[   10.052412] systemd[1]: Started Forward Password Requests to Wall Directory Watch.
[[0;32m  OK  [0m] Started Forward Password Requests to Wall Directory Watch.
[   10.057587] systemd[1]: Created slice System Slice.
[[0;32m  OK  [0m] Created slice System Slice.
[   10.059028] systemd[1]: Listening on LVM2 poll daemon socket.
[[0;32m  OK  [0m] Listening on LVM2 poll daemon socket.
[   10.060677] systemd[1]: Listening on /dev/initctl Compatibility Named Pipe.
[[0;32m  OK  [0m] Listening on /dev/initctl Compatibility Named Pipe.
[[0;32m  OK  [0m] Listening on udev Kernel Socket.
[[0;32m  OK  [0m] Listening on udev Control Socket.
[[0;32m  OK  [0m] Listening on Journal Socket.
         Starting Load Kernel Modules...
         Mounting Kernel Debug File System...
[[0;32m  OK  [0m] Listening on LVM2 metadata daemon socket.
         Starting Remount Root and Kernel File Systems...
[[0;32m  OK  [0m] Listening on Journal Socket (/dev/log).
         Mounting Huge Pages File System...
         Mounting POSIX Message Queue File System...
         Starting Uncomplicated firewall...
[[0;32m  OK  [0m] Reached target System Time Synchronized.
[[0;32m  OK  [0m] Created slice system-serial\x2dgetty.slice.
         Starting Create list of required st…ce nodes for the current kernel...
[[0;32m  OK  [0m] Listening on Device-mapper event daemon FIFOs.
[   10.109239] Loading iSCSI transport class v2.0-870.
         Starting Monitoring of LVM2 mirrors…ng dmeventd or progress polling...
[[0;32m  OK  [0m] Created slice User and Session Slice.
[[0;32m  OK  [0m] Reached target Slices.
         Starting udev Coldplug all Devices...
[[0;32m  OK  [0m] Listening on Syslog Socket.
[[0;32m  OK  [0m] Listening on Network Service Netlink Socket.
[   10.117023] iscsi: registered transport (tcp)
         Starting Set the console keyboard layout...
[[0;32m  OK  [0m] Reached target Swap.
[[0;32m  OK  [0m] Reached target User and Group Name Lookups.
[[0;32m  OK  [0m] Listening on Journal Audit Socket.
[   10.129469] EXT4-fs (sda1): re-mounted. Opts: (null)
         Starting Journal Service...
[[0;32m  OK  [0m] Mounted Kernel Debug File System.
[[0;32m  OK  [0m] Started Remount Root and Kernel File Systems.
[[0;32m  OK  [0m] Mounted Huge Pages File System.
[[0;32m  OK  [0m] Mounted POSIX Message Queue File System.
[[0;32m  OK  [0m] Started Uncomplicated firewall.
[[0;32m  OK  [0m] Started Create list of required sta…vice nodes for the current kernel.
         Starting Create Static Device Nodes in /dev...
         Starting Load/Save Random Seed...
[   10.183290] iscsi: registered transport (iser)
[[0;32m  OK  [0m] Started Journal Service.
[[0;32m  OK  [0m] Started Load Kernel Modules.
[[0;32m  OK  [0m] Started udev Coldplug all Devices.
[[0;32m  OK  [0m] Started Create Static Device Nodes in /dev.
[[0;32m  OK  [0m] Started LVM2 metadata daemon.
         Starting udev Kernel Device Manager...
         Mounting FUSE Control File System...
         Starting Apply Kernel Variables...
         Mounting Kernel Configuration File System...
         Starting Flush Journal to Persistent Storage...
[[0;32m  OK  [0m] Started Load/Save Random Seed.
[[0;32m  OK  [0m] Mounted FUSE Control File System.
[[0;32m  OK  [0m] Mounted Kernel Configuration File System.
[[0;32m  OK  [0m] Started udev Kernel Device Manager.
[[0;32m  OK  [0m] Started Monitoring of LVM2 mirrors,…sing dmeventd or progress polling.
[[0;32m  OK  [0m] Started Apply Kernel Variables.
[[0;32m  OK  [0m] Started Set the console keyboard layout.
[[0;32m  OK  [0m] Reached target Local File Systems (Pre).
[[0;32m  OK  [0m] Reached target Local File Systems.
         Starting Set console font and keymap...
         Starting Tell Plymouth To Write Out Runtime Data...
         Starting ebtables ruleset management...
         Starting AppArmor initialization...
[[0;32m  OK  [0m] Started Dispatch Password Requests to Console Directory Watch.
[[0;32m  OK  [0m] Reached target Local Encrypted Volumes.
[[0;32m  OK  [0m] Started Set console font and keymap.
[[0;32m  OK  [0m] Started Flush Journal to Persistent Storage.
         Starting Create Volatile Files and Directories...
[[0;32m  OK  [0m] Started Tell Plymouth To Write Out Runtime Data.
[[0;32m  OK  [0m] Started Create Volatile Files and Directories.
[[0;32m  OK  [0m] Found device /dev/ttyS0.
         Starting Update UTMP about System Boot/Shutdown...
[[0;32m  OK  [0m] Started Update UTMP about System Boot/Shutdown.
[[0;32m  OK  [0m] Listening on Load/Save RF Kill Switch Status /dev/rfkill Watch.
[[0;32m  OK  [0m] Started ebtables ruleset management.
[[0;32m  OK  [0m] Started AppArmor initialization.
         Starting Initial cloud-init job (pre-networking)...
         Starting Load AppArmor profiles managed internally by snapd...
[[0;32m  OK  [0m] Started Load AppArmor profiles managed internally by snapd.
[   11.443809] cloud-init[606]: Cloud-init v. 22.2-0ubuntu1~18.04.2 running 'init-local' at Wed, 15 Jun 2022 21:08:45 +0000. Up 11.30 seconds.
[[0;32m  OK  [0m] Started Initial cloud-init job (pre-networking).
[[0;32m  OK  [0m] Reached target Network (Pre).
         Starting Network Service...
[[0;32m  OK  [0m] Started Network Service.
         Starting Wait for Network to be Configured...
         Starting Network Name Resolution...
[[0;32m  OK  [0m] Started Network Name Resolution.
[[0;32m  OK  [0m] Reached target Network.
[[0;32m  OK  [0m] Reached target Host and Network Name Lookups.
[[0;32m  OK  [0m] Started Wait for Network to be Configured.
         Starting Initial cloud-init job (metadata service crawler)...
[   13.844065] cloud-init[715]: Cloud-init v. 22.2-0ubuntu1~18.04.2 running 'init' at Wed, 15 Jun 2022 21:08:47 +0000. Up 13.73 seconds.
[   13.846050] cloud-init[715]: ci-info: ++++++++++++++++++++++++++++++++++++++Net device info+++++++++++++++++++++++++++++++++++++++
[   13.847536] cloud-init[715]: ci-info: +--------+------+-----------------------------+---------------+--------+-------------------+
[   13.849013] cloud-init[715]: ci-info: | Device |  Up  |           Address           |      Mask     | Scope  |     Hw-Address    |
[   13.850413] cloud-init[715]: ci-info: +--------+------+-----------------------------+---------------+--------+-------------------+
[   13.851913] cloud-init[715]: ci-info: | enp0s3 | True |          10.0.2.15          | 255.255.255.0 | global | 02:c6:b0:25:69:cb |
[   13.864132] cloud-init[715]: ci-info: | enp0s3 | True |  fe80::c6:b0ff:fe25:69cb/64 |       .       |  link  | 02:c6:b0:25:69:cb |
[   13.865686] cloud-init[715]: ci-info: | enp0s8 | True |         192.168.2.10        | 255.255.255.0 | global | 08:00:27:e2:60:0b |
[   13.867193] cloud-init[715]: ci-info: | enp0s8 | True | fe80::a00:27ff:fee2:600b/64 |       .       |  link  | 08:00:27:e2:60:0b |
[   13.869317] cloud-init[715]: ci-info: |   lo   | True |          127.0.0.1          |   255.0.0.0   |  host  |         .         |
[   13.870705] cloud-init[715]: ci-info: |   lo   | True |           ::1/128           |       .       |  host  |         .         |
[   13.872242] cloud-init[715]: ci-info: +--------+------+-----------------------------+---------------+--------+-------------------+
[   13.873797] cloud-init[715]: ci-info: ++++++++++++++++++++++++++++Route IPv4 info+++++++++++++++++++++++++++++
[   13.875122] cloud-init[715]: ci-info: +-------+-------------+----------+-----------------+-----------+-------+
[   13.876487] cloud-init[715]: ci-info: | Route | Destination | Gateway  |     Genmask     | Interface | Flags |
[   13.877812] cloud-init[715]: ci-info: +-------+-------------+----------+-----------------+-----------+-------+
[   13.879128] cloud-init[715]: ci-info: |   0   |   0.0.0.0   | 10.0.2.2 |     0.0.0.0     |   enp0s3  |   UG  |
[   13.880456] cloud-init[715]: ci-info: |   1   |   10.0.2.0  | 0.0.0.0  |  255.255.255.0  |   enp0s3  |   U   |
[   13.881785] cloud-init[715]: ci-info: |   2   |   10.0.2.2  | 0.0.0.0  | 255.255.255.255 |   enp0s3  |   UH  |
[   13.883182] cloud-init[715]: ci-info: |   3   | 192.168.2.0 | 0.0.0.0  |  255.255.255.0  |   enp0s8  |   U   |
[   13.884583] cloud-init[715]: ci-info: +-------+-------------+----------+-----------------+-----------+-------+
[   13.885854] cloud-init[715]: ci-info: +++++++++++++++++++Route IPv6 info+++++++++++++++++++
[   13.886956] cloud-init[715]: ci-info: +-------+-------------+---------+-----------+-------+
[   13.888112] cloud-init[715]: ci-info: | Route | Destination | Gateway | Interface | Flags |
[   13.889219] cloud-init[715]: ci-info: +-------+-------------+---------+-----------+-------+
[   13.890331] cloud-init[715]: ci-info: |   1   |  fe80::/64  |    ::   |   enp0s3  |   U   |
[   13.891453] cloud-init[715]: ci-info: |   2   |  fe80::/64  |    ::   |   enp0s8  |   U   |
[   13.892583] cloud-init[715]: ci-info: |   4   |    local    |    ::   |   enp0s3  |   U   |
[   13.893691] cloud-init[715]: ci-info: |   5   |    local    |    ::   |   enp0s8  |   U   |
[   13.894792] cloud-init[715]: ci-info: |   6   |   ff00::/8  |    ::   |   enp0s3  |   U   |
[   13.895895] cloud-init[715]: ci-info: |   7   |   ff00::/8  |    ::   |   enp0s8  |   U   |
[   13.897011] cloud-init[715]: ci-info: +-------+-------------+---------+-----------+-------+
[[0;32m  OK  [0m] Started Initial cloud-init job (metadata service crawler).
[[0;32m  OK  [0m] Reached target Network is Online.
         Starting Availability of block devices...
[[0;32m  OK  [0m] Reached target Remote File Systems (Pre).
         Mounting /vagrant...
[[0;32m  OK  [0m] Reached target Cloud-config availability.
[[0;32m  OK  [0m] Reached target System Initialization.
         Starting LXD - unix socket.
[[0;32m  OK  [0m] Listening on ACPID Listen Socket.
[[0;32m  OK  [0m] Started ACPI Events Check.
         Starting Socket activation for snappy daemon.
[[0;32m  OK  [0m] Listening on UUID daemon activation socket.
[[0;32m  OK  [0m] Listening on D-Bus System Message Bus Socket.
[[0;32m  OK  [0m] Started Daily apt download activities.
[[0;32m  OK  [0m] Started Message of the Day.
[[0;32m  OK  [0m] Listening on Open-iSCSI iscsid Socket.
[[0;32m  OK  [0m] Started Discard unused blocks once a week.
[[0;32m  OK  [0m] Started Daily Cleanup of Temporary Directories.
[[0;32m  OK  [0m] Listening on cloud-init hotplug hook socket.
[[0;32m  OK  [0m] Started Daily apt upgrade and clean activities.
[[0;32m  OK  [0m] Reached target Timers.
[[0;32m  OK  [0m] Reached target Paths.
[[0;32m  OK  [0m] Started Availability of block devices.
[[0;32m  OK  [0m] Mounted /vagrant.
[[0;32m  OK  [0m] Listening on LXD - unix socket.
[[0;32m  OK  [0m] Listening on Socket activation for snappy daemon.
[[0;32m  OK  [0m] Reached target Sockets.
[[0;32m  OK  [0m] Reached target Basic System.
[[0;32m  OK  [0m] Started D-Bus System Message Bus.
         Starting Dispatcher daemon for systemd-networkd...
         Starting LSB: Record successful boot for GRUB...
[[0;32m  OK  [0m] Started Regular background program processing daemon.
         Starting Accounts Service...
         Starting Login Service...
         Starting OpenBSD Secure Shell server...
[[0;32m  OK  [0m] Started Deferred execution scheduler.
         Starting Lightweight Kubernetes...
         Starting System Logging Service...
         Starting Virtualbox guest utils...
         Starting LXD - container startup/shutdown...
[[0;32m  OK  [0m] Started irqbalance daemon.
         Starting Snap Daemon...
[[0;32m  OK  [0m] Started FUSE filesystem for LXC.
[[0;32m  OK  [0m] Reached target Remote File Systems.
         Starting LSB: automatic crash report generation...
         Starting Permit User Sessions...
[[0;32m  OK  [0m] Started System Logging Service.
[[0;32m  OK  [0m] Started Login Service.
[[0;32m  OK  [0m] Started OpenBSD Secure Shell server.
[[0;32m  OK  [0m] Started LXD - container startup/shutdown.
[[0;32m  OK  [0m] Started Permit User Sessions.
[[0;32m  OK  [0m] Started Lightweight Kubernetes.
         Starting Hold until boot process finishes up...
         Starting Terminate Plymouth Boot Screen...
         Starting Authorization Manager...
[[0;32m  OK  [0m] Started Unattended Upgrades Shutdown.
[[0;32m  OK  [0m] Started Hold until boot process finishes up.
         Starting Set console scheme...
[[0;32m  OK  [0m] Started Serial Getty on ttyS0.
[[0;32m  OK  [0m] Started Terminate Plymouth Boot Screen.
[[0;32m  OK  [0m] Started Virtualbox guest utils.
[[0;32m  OK  [0m] Started LSB: Record successful boot for GRUB.
[[0;32m  OK  [0m] Started Authorization Manager.
[[0;32m  OK  [0m] Started Accounts Service.
[[0;32m  OK  [0m] Started Dispatcher daemon for systemd-networkd.
[[0;32m  OK  [0m] Started Set console scheme.
[[0;32m  OK  [0m] Created slice system-getty.slice.
[[0;32m  OK  [0m] Started Getty on tty1.
[[0;32m  OK  [0m] Reached target Login Prompts.
[[0;32m  OK  [0m] Started LSB: automatic crash report generation.
[[0;32m  OK  [0m] Started Snap Daemon.
         Starting Wait until snapd is fully seeded...
[[0;32m  OK  [0m] Started Wait until snapd is fully seeded.
[[0;32m  OK  [0m] Reached target Multi-User System.
[[0;32m  OK  [0m] Reached target Graphical Interface.
         Starting Update UTMP about System Runlevel Changes...
         Starting Apply the settings specified in cloud-config...
[[0;32m  OK  [0m] Started Update UTMP about System Runlevel Changes.
[   16.150278] cloud-init[1252]: Cloud-init v. 22.2-0ubuntu1~18.04.2 running 'modules:config' at Wed, 15 Jun 2022 21:08:49 +0000. Up 16.07 seconds.
[[0;32m  OK  [0m] Started Apply the settings specified in cloud-config.
         Starting Execute cloud user/final scripts...
[   16.599739] cloud-init[1311]: Cloud-init v. 22.2-0ubuntu1~18.04.2 running 'modules:final' at Wed, 15 Jun 2022 21:08:50 +0000. Up 16.50 seconds.
[   16.612316] cloud-init[1311]: Cloud-init v. 22.2-0ubuntu1~18.04.2 finished at Wed, 15 Jun 2022 21:08:50 +0000. Datasource DataSourceNoCloud [seed=/dev/sdb][dsmode=net].  Up 16.59 seconds
[[0;32m  OK  [0m] Started Execute cloud user/final scripts.
[[0;32m  OK  [0m] Reached target Cloud-init target.

Ubuntu 18.04.6 LTS testing ttyS0

testing login: 